

================================================================
== Vitis HLS Report for 'mult_mxint_mant'
================================================================
* Date:           Wed Oct 22 13:17:14 2025

* Version:        2025.1 (Build 6135595 on May 21 2025)
* Project:        solution_multiplication_mant_component
* Solution:       hls (Vivado IP Flow Target)
* Product family: zynq
* Target device:  xc7z020-clg400-1


================================================================
== Performance Estimates
================================================================
+ Timing: 
    * Summary: 
    +--------+---------+----------+------------+
    |  Clock |  Target | Estimated| Uncertainty|
    +--------+---------+----------+------------+
    |ap_clk  |  4.00 ns|  5.415 ns|     1.08 ns|
    +--------+---------+----------+------------+

+ Latency: 
    * Summary: 
    +---------+---------+-----------+-----------+-----+-----+---------+
    |  Latency (cycles) |   Latency (absolute)  |  Interval | Pipeline|
    |   min   |   max   |    min    |    max    | min | max |   Type  |
    +---------+---------+-----------+-----------+-----+-----+---------+
    |        6|        6|  32.490 ns|  32.490 ns|    7|    7|       no|
    +---------+---------+-----------+-----------+-----+-----+---------+

    + Detail: 
        * Instance: 
        N/A

        * Loop: 
        N/A

============================================================
+ Verbose Summary: Synthesis Manager
============================================================
InlineROM: 1
ExposeGlobal: 0
============================================================
+ Verbose Summary: CDFG Model
============================================================
IsTopModel: 1
ResetActiveHigh: 1
IsCombinational: 0
IsDatapathOnly: 0
HasWiredReturn: 1
HasMFsm: 0
HasVarLatency: 1
IsPipeline: 0
IsRtlPipelined: 0
IsInstanceOverlapped: 0
IsDontTouch: 0
HasImplIP: 0
IsGatedGlobalClock: 0


============================================================
+ Verbose Summary: Schedule
============================================================
* Number of FSM states : 7
* Pipeline : 0
* Dataflow Pipeline: 0

* FSM state transitions: 
1 --> 2 
2 --> 3 
3 --> 4 
4 --> 5 
5 --> 6 
6 --> 7 
7 --> 

* FSM state operations: 

State 1 <SV = 0> <Delay = 5.41>
ST_1 : Operation 8 [1/1] (0.00ns)   --->   "%m2_read = read i4 @_ssdm_op_Read.ap_auto.i4, i4 %m2" [/home/joe/Desktop/Uni/Year_4/Dissertation/Program-Synthesis-for-Efficient-ML/results/cpp/solution_multiplication_mant.cpp:3]   --->   Operation 8 'read' 'm2_read' <Predicate = true> <Delay = 0.00>
ST_1 : Operation 9 [1/1] (0.00ns)   --->   "%m1_read = read i4 @_ssdm_op_Read.ap_auto.i4, i4 %m1" [/home/joe/Desktop/Uni/Year_4/Dissertation/Program-Synthesis-for-Efficient-ML/results/cpp/solution_multiplication_mant.cpp:3]   --->   Operation 9 'read' 'm1_read' <Predicate = true> <Delay = 0.00>
ST_1 : Operation 10 [1/1] (0.00ns)   --->   "%sext_ln4 = sext i4 %m1_read" [/home/joe/Desktop/Uni/Year_4/Dissertation/Program-Synthesis-for-Efficient-ML/results/cpp/solution_multiplication_mant.cpp:4]   --->   Operation 10 'sext' 'sext_ln4' <Predicate = true> <Delay = 0.00>
ST_1 : Operation 11 [1/1] (0.00ns)   --->   "%sext_ln4_1 = sext i4 %m2_read" [/home/joe/Desktop/Uni/Year_4/Dissertation/Program-Synthesis-for-Efficient-ML/results/cpp/solution_multiplication_mant.cpp:4]   --->   Operation 11 'sext' 'sext_ln4_1' <Predicate = true> <Delay = 0.00>
ST_1 : Operation 12 [1/1] (2.34ns)   --->   "%mul_ln4 = mul i8 %sext_ln4_1, i8 %sext_ln4" [/home/joe/Desktop/Uni/Year_4/Dissertation/Program-Synthesis-for-Efficient-ML/results/cpp/solution_multiplication_mant.cpp:4]   --->   Operation 12 'mul' 'mul_ln4' <Predicate = true> <Delay = 2.34> <CoreInst = "Multiplier">   --->   Core 3 'Multiplier' <Latency = 0> <II = 1> <Delay = 2.34> <FuncUnit> <Opcode : 'mul'> <InPorts = 2> <OutPorts = 1>
ST_1 : Operation 13 [1/1] (0.00ns)   --->   "%zext_ln4 = zext i8 %sext_ln4" [/home/joe/Desktop/Uni/Year_4/Dissertation/Program-Synthesis-for-Efficient-ML/results/cpp/solution_multiplication_mant.cpp:4]   --->   Operation 13 'zext' 'zext_ln4' <Predicate = true> <Delay = 0.00>
ST_1 : Operation 14 [1/1] (0.00ns)   --->   "%zext_ln4_1 = zext i8 %sext_ln4_1" [/home/joe/Desktop/Uni/Year_4/Dissertation/Program-Synthesis-for-Efficient-ML/results/cpp/solution_multiplication_mant.cpp:4]   --->   Operation 14 'zext' 'zext_ln4_1' <Predicate = true> <Delay = 0.00>
ST_1 : Operation 15 [5/5] (5.41ns)   --->   "%mul_ln4_1 = mul i16 %zext_ln4_1, i16 %zext_ln4" [/home/joe/Desktop/Uni/Year_4/Dissertation/Program-Synthesis-for-Efficient-ML/results/cpp/solution_multiplication_mant.cpp:4]   --->   Operation 15 'mul' 'mul_ln4_1' <Predicate = true> <Delay = 5.41> <CoreInst = "Multiplier">   --->   Core 3 'Multiplier' <Latency = 4> <II = 1> <Delay = 5.41> <FuncUnit> <Opcode : 'mul'> <InPorts = 2> <OutPorts = 1>

State 2 <SV = 1> <Delay = 5.41>
ST_2 : Operation 16 [4/5] (5.41ns)   --->   "%mul_ln4_1 = mul i16 %zext_ln4_1, i16 %zext_ln4" [/home/joe/Desktop/Uni/Year_4/Dissertation/Program-Synthesis-for-Efficient-ML/results/cpp/solution_multiplication_mant.cpp:4]   --->   Operation 16 'mul' 'mul_ln4_1' <Predicate = true> <Delay = 5.41> <CoreInst = "Multiplier">   --->   Core 3 'Multiplier' <Latency = 4> <II = 1> <Delay = 5.41> <FuncUnit> <Opcode : 'mul'> <InPorts = 2> <OutPorts = 1>

State 3 <SV = 2> <Delay = 5.41>
ST_3 : Operation 17 [3/5] (5.41ns)   --->   "%mul_ln4_1 = mul i16 %zext_ln4_1, i16 %zext_ln4" [/home/joe/Desktop/Uni/Year_4/Dissertation/Program-Synthesis-for-Efficient-ML/results/cpp/solution_multiplication_mant.cpp:4]   --->   Operation 17 'mul' 'mul_ln4_1' <Predicate = true> <Delay = 5.41> <CoreInst = "Multiplier">   --->   Core 3 'Multiplier' <Latency = 4> <II = 1> <Delay = 5.41> <FuncUnit> <Opcode : 'mul'> <InPorts = 2> <OutPorts = 1>

State 4 <SV = 3> <Delay = 5.41>
ST_4 : Operation 18 [2/5] (5.41ns)   --->   "%mul_ln4_1 = mul i16 %zext_ln4_1, i16 %zext_ln4" [/home/joe/Desktop/Uni/Year_4/Dissertation/Program-Synthesis-for-Efficient-ML/results/cpp/solution_multiplication_mant.cpp:4]   --->   Operation 18 'mul' 'mul_ln4_1' <Predicate = true> <Delay = 5.41> <CoreInst = "Multiplier">   --->   Core 3 'Multiplier' <Latency = 4> <II = 1> <Delay = 5.41> <FuncUnit> <Opcode : 'mul'> <InPorts = 2> <OutPorts = 1>

State 5 <SV = 4> <Delay = 5.41>
ST_5 : Operation 19 [1/5] (5.41ns)   --->   "%mul_ln4_1 = mul i16 %zext_ln4_1, i16 %zext_ln4" [/home/joe/Desktop/Uni/Year_4/Dissertation/Program-Synthesis-for-Efficient-ML/results/cpp/solution_multiplication_mant.cpp:4]   --->   Operation 19 'mul' 'mul_ln4_1' <Predicate = true> <Delay = 5.41> <CoreInst = "Multiplier">   --->   Core 3 'Multiplier' <Latency = 4> <II = 1> <Delay = 5.41> <FuncUnit> <Opcode : 'mul'> <InPorts = 2> <OutPorts = 1>
ST_5 : Operation 20 [1/1] (0.00ns)   --->   "%trunc_ln4 = trunc i16 %mul_ln4_1" [/home/joe/Desktop/Uni/Year_4/Dissertation/Program-Synthesis-for-Efficient-ML/results/cpp/solution_multiplication_mant.cpp:4]   --->   Operation 20 'trunc' 'trunc_ln4' <Predicate = true> <Delay = 0.00>

State 6 <SV = 5> <Delay = 2.07>
ST_6 : Operation 21 [1/1] (2.07ns)   --->   "%icmp_ln4 = icmp_ult  i16 %mul_ln4_1, i16 33" [/home/joe/Desktop/Uni/Year_4/Dissertation/Program-Synthesis-for-Efficient-ML/results/cpp/solution_multiplication_mant.cpp:4]   --->   Operation 21 'icmp' 'icmp_ln4' <Predicate = true> <Delay = 2.07> <CoreInst = "Cmp">   --->   Core 9 'Cmp' <Latency = 0> <II = 1> <Delay = 2.07> <FuncUnit> <Opcode : 'seteq' 'setne' 'setle' 'setge' 'setlt' 'setgt'> <InPorts = 2> <OutPorts = 1>

State 7 <SV = 6> <Delay = 2.75>
ST_7 : Operation 22 [1/1] (0.00ns)   --->   "%specbitsmap_ln0 = specbitsmap void @_ssdm_op_SpecBitsMap, i4 0"   --->   Operation 22 'specbitsmap' 'specbitsmap_ln0' <Predicate = true> <Delay = 0.00>
ST_7 : Operation 23 [1/1] (0.00ns)   --->   "%spectopmodule_ln3 = spectopmodule void @_ssdm_op_SpecTopModule, void @empty_1" [/home/joe/Desktop/Uni/Year_4/Dissertation/Program-Synthesis-for-Efficient-ML/results/cpp/solution_multiplication_mant.cpp:3]   --->   Operation 23 'spectopmodule' 'spectopmodule_ln3' <Predicate = true> <Delay = 0.00>
ST_7 : Operation 24 [1/1] (0.00ns)   --->   "%specbitsmap_ln0 = specbitsmap void @_ssdm_op_SpecBitsMap, i4 %m1"   --->   Operation 24 'specbitsmap' 'specbitsmap_ln0' <Predicate = true> <Delay = 0.00>
ST_7 : Operation 25 [1/1] (0.00ns)   --->   "%specinterface_ln0 = specinterface void @_ssdm_op_SpecInterface, i4 %m1, void @empty, i32 0, i32 0, void @empty_0, i32 0, i32 0, void @empty_0, void @empty_0, void @empty_0, i32 0, i32 0, i32 0, i32 0, void @empty_0, void @empty_0, i32 4294967295, i32 0, i32 0"   --->   Operation 25 'specinterface' 'specinterface_ln0' <Predicate = true> <Delay = 0.00>
ST_7 : Operation 26 [1/1] (0.00ns)   --->   "%specbitsmap_ln0 = specbitsmap void @_ssdm_op_SpecBitsMap, i4 %m2"   --->   Operation 26 'specbitsmap' 'specbitsmap_ln0' <Predicate = true> <Delay = 0.00>
ST_7 : Operation 27 [1/1] (0.00ns)   --->   "%specinterface_ln0 = specinterface void @_ssdm_op_SpecInterface, i4 %m2, void @empty, i32 0, i32 0, void @empty_0, i32 0, i32 0, void @empty_0, void @empty_0, void @empty_0, i32 0, i32 0, i32 0, i32 0, void @empty_0, void @empty_0, i32 4294967295, i32 0, i32 0"   --->   Operation 27 'specinterface' 'specinterface_ln0' <Predicate = true> <Delay = 0.00>
ST_7 : Operation 28 [1/1] (0.00ns) (grouped into LUT with out node select_ln4_1)   --->   "%tmp_2 = bitselect i1 @_ssdm_op_BitSelect.i1.i8.i32, i8 %mul_ln4, i32 7" [/home/joe/Desktop/Uni/Year_4/Dissertation/Program-Synthesis-for-Efficient-ML/results/cpp/solution_multiplication_mant.cpp:4]   --->   Operation 28 'bitselect' 'tmp_2' <Predicate = true> <Delay = 0.00>
ST_7 : Operation 29 [1/1] (1.73ns)   --->   "%sub_ln4 = sub i4 0, i4 %trunc_ln4" [/home/joe/Desktop/Uni/Year_4/Dissertation/Program-Synthesis-for-Efficient-ML/results/cpp/solution_multiplication_mant.cpp:4]   --->   Operation 29 'sub' 'sub_ln4' <Predicate = true> <Delay = 1.73> <CoreInst = "Adder">   --->   Core 1 'Adder' <Latency = 0> <II = 1> <Delay = 1.73> <FuncUnit> <Opcode : 'add' 'sub'> <InPorts = 2> <OutPorts = 1>
ST_7 : Operation 30 [1/1] (0.00ns) (grouped into LUT with out node select_ln4_1)   --->   "%tmp = partselect i4 @_ssdm_op_PartSelect.i4.i8.i32.i32, i8 %mul_ln4, i32 2, i32 5" [/home/joe/Desktop/Uni/Year_4/Dissertation/Program-Synthesis-for-Efficient-ML/results/cpp/solution_multiplication_mant.cpp:4]   --->   Operation 30 'partselect' 'tmp' <Predicate = (icmp_ln4)> <Delay = 0.00>
ST_7 : Operation 31 [1/1] (0.00ns) (grouped into LUT with out node select_ln4_1)   --->   "%tmp_1 = partselect i4 @_ssdm_op_PartSelect.i4.i8.i32.i32, i8 %mul_ln4, i32 3, i32 6" [/home/joe/Desktop/Uni/Year_4/Dissertation/Program-Synthesis-for-Efficient-ML/results/cpp/solution_multiplication_mant.cpp:4]   --->   Operation 31 'partselect' 'tmp_1' <Predicate = (!icmp_ln4)> <Delay = 0.00>
ST_7 : Operation 32 [1/1] (0.00ns) (grouped into LUT with out node select_ln4_1)   --->   "%select_ln4 = select i1 %icmp_ln4, i4 %tmp, i4 %tmp_1" [/home/joe/Desktop/Uni/Year_4/Dissertation/Program-Synthesis-for-Efficient-ML/results/cpp/solution_multiplication_mant.cpp:4]   --->   Operation 32 'select' 'select_ln4' <Predicate = true> <Delay = 0.00> <CoreInst = "Sel">   --->   Core 73 'Sel' <Latency = 0> <II = 1> <Delay = 1.02> <FuncUnit> <Opcode : 'select'> <InPorts = 3> <OutPorts = 1>
ST_7 : Operation 33 [1/1] (1.02ns) (out node of the LUT)   --->   "%select_ln4_1 = select i1 %tmp_2, i4 %sub_ln4, i4 %select_ln4" [/home/joe/Desktop/Uni/Year_4/Dissertation/Program-Synthesis-for-Efficient-ML/results/cpp/solution_multiplication_mant.cpp:4]   --->   Operation 33 'select' 'select_ln4_1' <Predicate = true> <Delay = 1.02> <CoreInst = "Sel">   --->   Core 73 'Sel' <Latency = 0> <II = 1> <Delay = 1.02> <FuncUnit> <Opcode : 'select'> <InPorts = 3> <OutPorts = 1>
ST_7 : Operation 34 [1/1] (0.00ns)   --->   "%ret_ln4 = ret i4 %select_ln4_1" [/home/joe/Desktop/Uni/Year_4/Dissertation/Program-Synthesis-for-Efficient-ML/results/cpp/solution_multiplication_mant.cpp:4]   --->   Operation 34 'ret' 'ret_ln4' <Predicate = true> <Delay = 0.00>


============================================================
+ Verbose Summary: Timing violations
============================================================
Target clock period: 4.000ns, clock uncertainty: 1.080ns.

 <State 1>: 5.415ns
The critical path consists of the following:
	wire read operation ('m2_read', /home/joe/Desktop/Uni/Year_4/Dissertation/Program-Synthesis-for-Efficient-ML/results/cpp/solution_multiplication_mant.cpp:3) on port 'm2' (/home/joe/Desktop/Uni/Year_4/Dissertation/Program-Synthesis-for-Efficient-ML/results/cpp/solution_multiplication_mant.cpp:3) [9]  (0.000 ns)
	'mul' operation 16 bit ('mul_ln4_1', /home/joe/Desktop/Uni/Year_4/Dissertation/Program-Synthesis-for-Efficient-ML/results/cpp/solution_multiplication_mant.cpp:4) [17]  (5.415 ns)

 <State 2>: 5.415ns
The critical path consists of the following:
	'mul' operation 16 bit ('mul_ln4_1', /home/joe/Desktop/Uni/Year_4/Dissertation/Program-Synthesis-for-Efficient-ML/results/cpp/solution_multiplication_mant.cpp:4) [17]  (5.415 ns)

 <State 3>: 5.415ns
The critical path consists of the following:
	'mul' operation 16 bit ('mul_ln4_1', /home/joe/Desktop/Uni/Year_4/Dissertation/Program-Synthesis-for-Efficient-ML/results/cpp/solution_multiplication_mant.cpp:4) [17]  (5.415 ns)

 <State 4>: 5.415ns
The critical path consists of the following:
	'mul' operation 16 bit ('mul_ln4_1', /home/joe/Desktop/Uni/Year_4/Dissertation/Program-Synthesis-for-Efficient-ML/results/cpp/solution_multiplication_mant.cpp:4) [17]  (5.415 ns)

 <State 5>: 5.415ns
The critical path consists of the following:
	'mul' operation 16 bit ('mul_ln4_1', /home/joe/Desktop/Uni/Year_4/Dissertation/Program-Synthesis-for-Efficient-ML/results/cpp/solution_multiplication_mant.cpp:4) [17]  (5.415 ns)

 <State 6>: 2.077ns
The critical path consists of the following:
	'icmp' operation 1 bit ('icmp_ln4', /home/joe/Desktop/Uni/Year_4/Dissertation/Program-Synthesis-for-Efficient-ML/results/cpp/solution_multiplication_mant.cpp:4) [20]  (2.077 ns)

 <State 7>: 2.759ns
The critical path consists of the following:
	'sub' operation 4 bit ('sub_ln4', /home/joe/Desktop/Uni/Year_4/Dissertation/Program-Synthesis-for-Efficient-ML/results/cpp/solution_multiplication_mant.cpp:4) [19]  (1.735 ns)
	'select' operation 4 bit ('select_ln4_1', /home/joe/Desktop/Uni/Year_4/Dissertation/Program-Synthesis-for-Efficient-ML/results/cpp/solution_multiplication_mant.cpp:4) [24]  (1.024 ns)


============================================================
+ Verbose Summary: Binding
============================================================
N/A
* FSMD analyzer results:
  - Output states:
 - Input state : 
  - Chain level:
	State 1
	State 2
	State 3
	State 4
	State 5
	State 6
	State 7


============================================================
+ Verbose Summary: Datapath Resource usage 
============================================================
N/A
