

================================================================
== Vitis HLS Report for 'mult_mxint_mant'
================================================================
* Date:           Wed Oct 22 13:17:14 2025

* Version:        2025.1 (Build 6135595 on May 21 2025)
* Project:        solution_multiplication_mant_component
* Solution:       hls (Vivado IP Flow Target)
* Product family: zynq
* Target device:  xc7z020-clg400-1


================================================================
== Performance Estimates
================================================================
+ Timing: 
    * Summary: 
    +--------+---------+----------+------------+
    |  Clock |  Target | Estimated| Uncertainty|
    +--------+---------+----------+------------+
    |ap_clk  |  4.00 ns|  5.415 ns|     1.08 ns|
    +--------+---------+----------+------------+

+ Latency: 
    * Summary: 
    +---------+---------+-----------+-----------+-----+-----+---------+
    |  Latency (cycles) |   Latency (absolute)  |  Interval | Pipeline|
    |   min   |   max   |    min    |    max    | min | max |   Type  |
    +---------+---------+-----------+-----------+-----+-----+---------+
    |        6|        6|  32.490 ns|  32.490 ns|    7|    7|       no|
    +---------+---------+-----------+-----------+-----+-----+---------+

    + Detail: 
        * Instance: 
        N/A

        * Loop: 
        N/A



================================================================
== Utilization Estimates
================================================================
* Summary: 
+-----------------+---------+-----+--------+-------+-----+
|       Name      | BRAM_18K| DSP |   FF   |  LUT  | URAM|
+-----------------+---------+-----+--------+-------+-----+
|DSP              |        -|    -|       -|      -|    -|
|Expression       |        -|    -|       0|     44|    -|
|FIFO             |        -|    -|       -|      -|    -|
|Instance         |        -|    0|     102|     90|    -|
|Memory           |        -|    -|       -|      -|    -|
|Multiplexer      |        -|    -|       0|     42|    -|
|Register         |        -|    -|      36|      -|    -|
+-----------------+---------+-----+--------+-------+-----+
|Total            |        0|    0|     138|    176|    0|
+-----------------+---------+-----+--------+-------+-----+
|Available        |      280|  220|  106400|  53200|    0|
+-----------------+---------+-----+--------+-------+-----+
|Utilization (%)  |        0|    0|      ~0|     ~0|    0|
+-----------------+---------+-----+--------+-------+-----+

+ Detail: 
    * Instance: 
    +-----------------------+--------------------+---------+----+-----+----+-----+
    |        Instance       |       Module       | BRAM_18K| DSP|  FF | LUT| URAM|
    +-----------------------+--------------------+---------+----+-----+----+-----+
    |mul_4s_4s_8_1_1_U1     |mul_4s_4s_8_1_1     |        0|   0|    0|  13|    0|
    |mul_8ns_8ns_16_5_1_U2  |mul_8ns_8ns_16_5_1  |        0|   0|  102|  77|    0|
    +-----------------------+--------------------+---------+----+-----+----+-----+
    |Total                  |                    |        0|   0|  102|  90|    0|
    +-----------------------+--------------------+---------+----+-----+----+-----+

    * DSP: 
    N/A

    * Memory: 
    N/A

    * FIFO: 
    N/A

    * Expression: 
    +----------------------+----------+----+---+----+------------+------------+
    |     Variable Name    | Operation| DSP| FF| LUT| Bitwidth P0| Bitwidth P1|
    +----------------------+----------+----+---+----+------------+------------+
    |sub_ln4_fu_96_p2      |         -|   0|  0|  13|           1|           4|
    |icmp_ln4_fu_84_p2     |      icmp|   0|  0|  23|          16|           6|
    |ap_return             |    select|   0|  0|   4|           1|           4|
    |select_ln4_fu_119_p3  |    select|   0|  0|   4|           1|           4|
    +----------------------+----------+----+---+----+------------+------------+
    |Total                 |          |   0|  0|  44|          19|          18|
    +----------------------+----------+----+---+----+------------+------------+

    * Multiplexer: 
    +-----------+----+-----------+-----+-----------+
    |    Name   | LUT| Input Size| Bits| Total Bits|
    +-----------+----+-----------+-----+-----------+
    |ap_NS_fsm  |  42|          8|    1|          8|
    +-----------+----+-----------+-----+-----------+
    |Total      |  42|          8|    1|          8|
    +-----------+----+-----------+-----+-----------+

    * Register: 
    +-------------------+----+----+-----+-----------+
    |        Name       | FF | LUT| Bits| Const Bits|
    +-------------------+----+----+-----+-----------+
    |ap_CS_fsm          |   7|   0|    7|          0|
    |icmp_ln4_reg_161   |   1|   0|    1|          0|
    |mul_ln4_1_reg_151  |  16|   0|   16|          0|
    |mul_ln4_reg_134    |   8|   0|    8|          0|
    |trunc_ln4_reg_156  |   4|   0|    4|          0|
    +-------------------+----+----+-----+-----------+
    |Total              |  36|   0|   36|          0|
    +-------------------+----+----+-----+-----------+



================================================================
== Interface
================================================================
* Summary: 
+-----------+-----+-----+------------+-----------------+--------------+
| RTL Ports | Dir | Bits|  Protocol  |  Source Object  |    C Type    |
+-----------+-----+-----+------------+-----------------+--------------+
|ap_clk     |   in|    1|  ap_ctrl_hs|  mult_mxint_mant|  return value|
|ap_rst     |   in|    1|  ap_ctrl_hs|  mult_mxint_mant|  return value|
|ap_start   |   in|    1|  ap_ctrl_hs|  mult_mxint_mant|  return value|
|ap_done    |  out|    1|  ap_ctrl_hs|  mult_mxint_mant|  return value|
|ap_idle    |  out|    1|  ap_ctrl_hs|  mult_mxint_mant|  return value|
|ap_ready   |  out|    1|  ap_ctrl_hs|  mult_mxint_mant|  return value|
|ap_return  |  out|    4|  ap_ctrl_hs|  mult_mxint_mant|  return value|
|m1         |   in|    4|     ap_none|               m1|        scalar|
|m2         |   in|    4|     ap_none|               m2|        scalar|
+-----------+-----+-----+------------+-----------------+--------------+

