Wed Oct 22 01:40:20 2025: Running xcd server. This server was built by gradle.
Wed Oct 22 01:40:20 2025: Server was asked to start on port: '35471'
Wed Oct 22 01:40:20 2025: Server is using token UUID: 'f969f3f9-8e1e-4bb8-9c5e-8a094e0d69b1'
Wed Oct 22 01:40:20 2025: SESSION_MGR: creating session with session uuid: '6d04a3e9-ade5-4ab9-8d63-1f78fcd2ec76' and name 'default'
Wed Oct 22 01:40:20 2025: Attempting to start server on port '35471'
Wed Oct 22 01:40:20 2025: XCD main fifo: created main fifo '/tmp/xcdmainf969f3f9-8e1e-4bb8-9c5e-8a094e0d69b1', fd read = 15
Wed Oct 22 01:40:20 2025: Running Dispatch Server
Wed Oct 22 01:40:20 2025: Version 2.2.0
Wed Oct 22 01:40:22 2025: Dispatch Server: Accepted socket connection from client
Wed Oct 22 01:40:22 2025: Starting Socket connection
Wed Oct 22 01:40:22 2025: EXCHANGE_TOKEN received, server token: f969f3f9-8e1e-4bb8-9c5e-8a094e0d69b1, passed token: f969f3f9-8e1e-4bb8-9c5e-8a094e0d69b1
Wed Oct 22 01:40:22 2025: SESSION_MGR: creating session with session uuid: '40c453d3-ded5-49ac-9aad-b771e54f1e70' and name 'vitis_hls'
Wed Oct 22 01:40:22 2025: KERNEL_SVC: creating session with uuid: '40c453d3-ded5-49ac-9aad-b771e54f1e70' and name 'vitis_hls'
Wed Oct 22 01:40:22 2025: GUIDANCE_SMGR: creating guidance session with uuid: '40c453d3-ded5-49ac-9aad-b771e54f1e70' and name 'vitis_hls'
Wed Oct 22 01:40:34 2025: Running xcd server. This server was built by gradle.
Wed Oct 22 01:40:34 2025: Server was asked to start on port: '41473'
Wed Oct 22 01:40:34 2025: Server is using token UUID: 'ec44e630-ebc8-4055-bf20-50ab26c58829'
Wed Oct 22 01:40:34 2025: SESSION_MGR: creating session with session uuid: '6d04a3e9-ade5-4ab9-8d63-1f78fcd2ec76' and name 'default'
Wed Oct 22 01:40:34 2025: Attempting to start server on port '41473'
Wed Oct 22 01:40:34 2025: XCD main fifo: created main fifo '/tmp/xcdmainec44e630-ebc8-4055-bf20-50ab26c58829', fd read = 16
Wed Oct 22 01:40:34 2025: Running Dispatch Server
Wed Oct 22 01:40:34 2025: Version 2.2.0
Wed Oct 22 01:40:35 2025: Dispatch Server: Accepted socket connection from client
Wed Oct 22 01:40:35 2025: Starting Socket connection
Wed Oct 22 01:40:35 2025: EXCHANGE_TOKEN received, server token: ec44e630-ebc8-4055-bf20-50ab26c58829, passed token: ec44e630-ebc8-4055-bf20-50ab26c58829
Wed Oct 22 01:40:35 2025: SESSION_MGR: creating session with session uuid: '0b747f8c-5329-49be-bcfe-71a045675da2' and name 'vitis_hls'
Wed Oct 22 01:40:35 2025: KERNEL_SVC: creating session with uuid: '0b747f8c-5329-49be-bcfe-71a045675da2' and name 'vitis_hls'
Wed Oct 22 01:40:35 2025: GUIDANCE_SMGR: creating guidance session with uuid: '0b747f8c-5329-49be-bcfe-71a045675da2' and name 'vitis_hls'
Wed Oct 22 01:40:35 2025: STOP_SERVER received, server token: f969f3f9-8e1e-4bb8-9c5e-8a094e0d69b1, passed token: f969f3f9-8e1e-4bb8-9c5e-8a094e0d69b1
Wed Oct 22 01:40:35 2025: Socket received request to stop server.
Wed Oct 22 01:40:35 2025: Dispatch Server: do_await_stop
Wed Oct 22 01:40:35 2025: Dispatch Server: stopping mainFifo_
Wed Oct 22 01:40:35 2025: XCD main fifo: Stopping
Wed Oct 22 01:40:35 2025: XCD main fifo: do_read error code: Operation canceled
Wed Oct 22 01:40:35 2025: XCD main fifo: bytes_transferred: 0
Wed Oct 22 01:40:35 2025: SERVER: destructor for server bound to port 35471
Wed Oct 22 01:40:35 2025: XCD main fifo: Good unlink of /tmp/xcdmainf969f3f9-8e1e-4bb8-9c5e-8a094e0d69b1
Wed Oct 22 01:40:35 2025: Server exiting with status 0.
Wed Oct 22 01:40:35 2025: Closing log file.
Wed Oct 22 01:41:01 2025: STOP_SERVER received, server token: ec44e630-ebc8-4055-bf20-50ab26c58829, passed token: ec44e630-ebc8-4055-bf20-50ab26c58829
Wed Oct 22 01:41:01 2025: Socket received request to stop server.
Wed Oct 22 01:41:01 2025: Dispatch Server: do_await_stop
Wed Oct 22 01:41:01 2025: Dispatch Server: stopping mainFifo_
Wed Oct 22 01:41:01 2025: XCD main fifo: Stopping
Wed Oct 22 01:41:01 2025: XCD main fifo: do_read error code: Operation canceled
Wed Oct 22 01:41:01 2025: XCD main fifo: bytes_transferred: 0
Wed Oct 22 01:41:01 2025: SERVER: destructor for server bound to port 41473
Wed Oct 22 01:41:01 2025: XCD main fifo: Good unlink of /tmp/xcdmainec44e630-ebc8-4055-bf20-50ab26c58829
Wed Oct 22 01:41:01 2025: Server exiting with status 0.
Wed Oct 22 01:41:01 2025: Closing log file.
