Wed Oct 15 16:23:15 2025: Running xcd server. This server was built by gradle.
Wed Oct 15 16:23:15 2025: Server was asked to start on port: '40445'
Wed Oct 15 16:23:15 2025: Server is using token UUID: 'ca22b24d-69ce-42de-b1c7-dfbb6c7eb9a9'
Wed Oct 15 16:23:15 2025: SESSION_MGR: creating session with session uuid: '6d04a3e9-ade5-4ab9-8d63-1f78fcd2ec76' and name 'default'
Wed Oct 15 16:23:15 2025: Attempting to start server on port '40445'
Wed Oct 15 16:23:15 2025: XCD main fifo: created main fifo '/tmp/xcdmainca22b24d-69ce-42de-b1c7-dfbb6c7eb9a9', fd read = 15
Wed Oct 15 16:23:15 2025: Running Dispatch Server
Wed Oct 15 16:23:15 2025: Version 2.2.0
Wed Oct 15 16:23:17 2025: Dispatch Server: Accepted socket connection from client
Wed Oct 15 16:23:17 2025: Starting Socket connection
Wed Oct 15 16:23:17 2025: EXCHANGE_TOKEN received, server token: ca22b24d-69ce-42de-b1c7-dfbb6c7eb9a9, passed token: ca22b24d-69ce-42de-b1c7-dfbb6c7eb9a9
Wed Oct 15 16:23:17 2025: SESSION_MGR: creating session with session uuid: '2fef8b75-9dbb-4611-8e0f-6ea695f060eb' and name 'vitis_hls'
Wed Oct 15 16:23:17 2025: KERNEL_SVC: creating session with uuid: '2fef8b75-9dbb-4611-8e0f-6ea695f060eb' and name 'vitis_hls'
Wed Oct 15 16:23:17 2025: GUIDANCE_SMGR: creating guidance session with uuid: '2fef8b75-9dbb-4611-8e0f-6ea695f060eb' and name 'vitis_hls'
Wed Oct 15 16:23:29 2025: Running xcd server. This server was built by gradle.
Wed Oct 15 16:23:29 2025: Server was asked to start on port: '41745'
Wed Oct 15 16:23:29 2025: Server is using token UUID: '9c8ae5c8-3d14-4cf8-b55d-ad8e542de88b'
Wed Oct 15 16:23:29 2025: SESSION_MGR: creating session with session uuid: '6d04a3e9-ade5-4ab9-8d63-1f78fcd2ec76' and name 'default'
Wed Oct 15 16:23:29 2025: Attempting to start server on port '41745'
Wed Oct 15 16:23:29 2025: XCD main fifo: created main fifo '/tmp/xcdmain9c8ae5c8-3d14-4cf8-b55d-ad8e542de88b', fd read = 16
Wed Oct 15 16:23:29 2025: Running Dispatch Server
Wed Oct 15 16:23:29 2025: Version 2.2.0
Wed Oct 15 16:23:30 2025: Dispatch Server: Accepted socket connection from client
Wed Oct 15 16:23:30 2025: Starting Socket connection
Wed Oct 15 16:23:30 2025: EXCHANGE_TOKEN received, server token: 9c8ae5c8-3d14-4cf8-b55d-ad8e542de88b, passed token: 9c8ae5c8-3d14-4cf8-b55d-ad8e542de88b
Wed Oct 15 16:23:30 2025: SESSION_MGR: creating session with session uuid: '12c5667b-9c21-473b-a2ea-834cb908ee2e' and name 'vitis_hls'
Wed Oct 15 16:23:30 2025: KERNEL_SVC: creating session with uuid: '12c5667b-9c21-473b-a2ea-834cb908ee2e' and name 'vitis_hls'
Wed Oct 15 16:23:30 2025: GUIDANCE_SMGR: creating guidance session with uuid: '12c5667b-9c21-473b-a2ea-834cb908ee2e' and name 'vitis_hls'
Wed Oct 15 16:23:30 2025: STOP_SERVER received, server token: ca22b24d-69ce-42de-b1c7-dfbb6c7eb9a9, passed token: ca22b24d-69ce-42de-b1c7-dfbb6c7eb9a9
Wed Oct 15 16:23:30 2025: Socket received request to stop server.
Wed Oct 15 16:23:30 2025: Dispatch Server: do_await_stop
Wed Oct 15 16:23:30 2025: Dispatch Server: stopping mainFifo_
Wed Oct 15 16:23:30 2025: XCD main fifo: Stopping
Wed Oct 15 16:23:30 2025: XCD main fifo: do_read error code: Operation canceled
Wed Oct 15 16:23:30 2025: XCD main fifo: bytes_transferred: 0
Wed Oct 15 16:23:30 2025: SERVER: destructor for server bound to port 40445
Wed Oct 15 16:23:30 2025: XCD main fifo: Good unlink of /tmp/xcdmainca22b24d-69ce-42de-b1c7-dfbb6c7eb9a9
Wed Oct 15 16:23:30 2025: Server exiting with status 0.
Wed Oct 15 16:23:30 2025: Closing log file.
Wed Oct 15 16:23:56 2025: STOP_SERVER received, server token: 9c8ae5c8-3d14-4cf8-b55d-ad8e542de88b, passed token: 9c8ae5c8-3d14-4cf8-b55d-ad8e542de88b
Wed Oct 15 16:23:56 2025: Socket received request to stop server.
Wed Oct 15 16:23:56 2025: Dispatch Server: do_await_stop
Wed Oct 15 16:23:56 2025: Dispatch Server: stopping mainFifo_
Wed Oct 15 16:23:56 2025: XCD main fifo: Stopping
Wed Oct 15 16:23:56 2025: XCD main fifo: do_read error code: Operation canceled
Wed Oct 15 16:23:56 2025: XCD main fifo: bytes_transferred: 0
Wed Oct 15 16:23:56 2025: SERVER: destructor for server bound to port 41745
Wed Oct 15 16:23:56 2025: XCD main fifo: Good unlink of /tmp/xcdmain9c8ae5c8-3d14-4cf8-b55d-ad8e542de88b
Wed Oct 15 16:23:56 2025: Server exiting with status 0.
Wed Oct 15 16:23:56 2025: Closing log file.
