Wed Oct 15 14:04:15 2025: Running xcd server. This server was built by gradle.
Wed Oct 15 14:04:15 2025: Server was asked to start on port: '34841'
Wed Oct 15 14:04:15 2025: Server is using token UUID: '8d13d494-0627-467a-b7e0-1a1022d2ac80'
Wed Oct 15 14:04:15 2025: SESSION_MGR: creating session with session uuid: '6d04a3e9-ade5-4ab9-8d63-1f78fcd2ec76' and name 'default'
Wed Oct 15 14:04:15 2025: Attempting to start server on port '34841'
Wed Oct 15 14:04:15 2025: XCD main fifo: created main fifo '/tmp/xcdmain8d13d494-0627-467a-b7e0-1a1022d2ac80', fd read = 15
Wed Oct 15 14:04:15 2025: Running Dispatch Server
Wed Oct 15 14:04:15 2025: Version 2.2.0
Wed Oct 15 14:04:16 2025: Dispatch Server: Accepted socket connection from client
Wed Oct 15 14:04:16 2025: Starting Socket connection
Wed Oct 15 14:04:16 2025: EXCHANGE_TOKEN received, server token: 8d13d494-0627-467a-b7e0-1a1022d2ac80, passed token: 8d13d494-0627-467a-b7e0-1a1022d2ac80
Wed Oct 15 14:04:16 2025: SESSION_MGR: creating session with session uuid: 'e6a10a46-8b2d-418d-9bcf-c2ce12b376e5' and name 'vitis_hls'
Wed Oct 15 14:04:16 2025: KERNEL_SVC: creating session with uuid: 'e6a10a46-8b2d-418d-9bcf-c2ce12b376e5' and name 'vitis_hls'
Wed Oct 15 14:04:16 2025: GUIDANCE_SMGR: creating guidance session with uuid: 'e6a10a46-8b2d-418d-9bcf-c2ce12b376e5' and name 'vitis_hls'
Wed Oct 15 14:04:31 2025: Running xcd server. This server was built by gradle.
Wed Oct 15 14:04:31 2025: Server was asked to start on port: '40739'
Wed Oct 15 14:04:31 2025: Server is using token UUID: '3ef59c0a-1f12-41aa-856a-be2b25103c16'
Wed Oct 15 14:04:31 2025: SESSION_MGR: creating session with session uuid: '6d04a3e9-ade5-4ab9-8d63-1f78fcd2ec76' and name 'default'
Wed Oct 15 14:04:31 2025: Attempting to start server on port '40739'
Wed Oct 15 14:04:31 2025: XCD main fifo: created main fifo '/tmp/xcdmain3ef59c0a-1f12-41aa-856a-be2b25103c16', fd read = 16
Wed Oct 15 14:04:31 2025: Running Dispatch Server
Wed Oct 15 14:04:31 2025: Version 2.2.0
Wed Oct 15 14:04:32 2025: Dispatch Server: Accepted socket connection from client
Wed Oct 15 14:04:32 2025: Starting Socket connection
Wed Oct 15 14:04:32 2025: EXCHANGE_TOKEN received, server token: 3ef59c0a-1f12-41aa-856a-be2b25103c16, passed token: 3ef59c0a-1f12-41aa-856a-be2b25103c16
Wed Oct 15 14:04:32 2025: SESSION_MGR: creating session with session uuid: '746a6aed-4b58-4119-9d2e-b3411c068f3c' and name 'vitis_hls'
Wed Oct 15 14:04:32 2025: KERNEL_SVC: creating session with uuid: '746a6aed-4b58-4119-9d2e-b3411c068f3c' and name 'vitis_hls'
Wed Oct 15 14:04:32 2025: GUIDANCE_SMGR: creating guidance session with uuid: '746a6aed-4b58-4119-9d2e-b3411c068f3c' and name 'vitis_hls'
Wed Oct 15 14:04:32 2025: STOP_SERVER received, server token: 8d13d494-0627-467a-b7e0-1a1022d2ac80, passed token: 8d13d494-0627-467a-b7e0-1a1022d2ac80
Wed Oct 15 14:04:32 2025: Socket received request to stop server.
Wed Oct 15 14:04:32 2025: Dispatch Server: do_await_stop
Wed Oct 15 14:04:32 2025: Dispatch Server: stopping mainFifo_
Wed Oct 15 14:04:32 2025: XCD main fifo: Stopping
Wed Oct 15 14:04:32 2025: XCD main fifo: do_read error code: Operation canceled
Wed Oct 15 14:04:32 2025: XCD main fifo: bytes_transferred: 0
Wed Oct 15 14:04:32 2025: SERVER: destructor for server bound to port 34841
Wed Oct 15 14:04:32 2025: XCD main fifo: Good unlink of /tmp/xcdmain8d13d494-0627-467a-b7e0-1a1022d2ac80
Wed Oct 15 14:04:32 2025: Server exiting with status 0.
Wed Oct 15 14:04:32 2025: Closing log file.
Wed Oct 15 14:05:01 2025: STOP_SERVER received, server token: 3ef59c0a-1f12-41aa-856a-be2b25103c16, passed token: 3ef59c0a-1f12-41aa-856a-be2b25103c16
Wed Oct 15 14:05:01 2025: Socket received request to stop server.
Wed Oct 15 14:05:01 2025: Dispatch Server: do_await_stop
Wed Oct 15 14:05:01 2025: Dispatch Server: stopping mainFifo_
Wed Oct 15 14:05:01 2025: XCD main fifo: Stopping
Wed Oct 15 14:05:01 2025: XCD main fifo: do_read error code: Operation canceled
Wed Oct 15 14:05:01 2025: XCD main fifo: bytes_transferred: 0
Wed Oct 15 14:05:01 2025: SERVER: destructor for server bound to port 40739
Wed Oct 15 14:05:01 2025: XCD main fifo: Good unlink of /tmp/xcdmain3ef59c0a-1f12-41aa-856a-be2b25103c16
Wed Oct 15 14:05:01 2025: Server exiting with status 0.
Wed Oct 15 14:05:01 2025: Closing log file.
