  **** HLS Build v2025.1 6135595
Sourcing Tcl script '/home/joe/Desktop/Uni/Year_4/Dissertation/Program-Synthesis-for-Efficient-ML/results/HLS/vitis.tcl'
INFO: [HLS 200-1510] Running: open_component -reset solution_addition_overflow_component -flow_target vivado 
INFO: [HLS 200-10] Creating and opening component '/home/joe/Desktop/Uni/Year_4/Dissertation/Program-Synthesis-for-Efficient-ML/solution_addition_overflow_component'.
INFO: [HLS 200-10] Cleaning up the component database.
INFO: [HLS 200-1505] Using flow_target 'vivado'
Resolution: For help on HLS 200-1505 see docs.xilinx.com/access/sources/dita/topic?Doc_Version=2025.1%20English&url=ug1448-hls-guidance&resourceid=200-1505.html
INFO: [HLS 200-2176] Writing Vitis IDE component file /home/joe/Desktop/Uni/Year_4/Dissertation/Program-Synthesis-for-Efficient-ML/solution_addition_overflow_component/vitis-comp.json
INFO: [HLS 200-1915] Writing HLS config ini file /home/joe/Desktop/Uni/Year_4/Dissertation/Program-Synthesis-for-Efficient-ML/solution_addition_overflow_component/hls_config.cfg
INFO: [HLS 200-1510] Running: set_top addition_overflow 
INFO: [HLS 200-1510] Running: add_files /home/joe/Desktop/Uni/Year_4/Dissertation/Program-Synthesis-for-Efficient-ML/results/cpp/solution_addition_overflow.cpp 
INFO: [HLS 200-10] Adding design file '/home/joe/Desktop/Uni/Year_4/Dissertation/Program-Synthesis-for-Efficient-ML/results/cpp/solution_addition_overflow.cpp' to the project
INFO: [HLS 200-1510] Running: add_files -tb /home/joe/Desktop/Uni/Year_4/Dissertation/Program-Synthesis-for-Efficient-ML/results/cpp/solution_addition_overflow.cpp 
INFO: [HLS 200-10] Adding test bench file '/home/joe/Desktop/Uni/Year_4/Dissertation/Program-Synthesis-for-Efficient-ML/results/cpp/solution_addition_overflow.cpp' to the project
INFO: [HLS 200-1510] Running: set_part xcvu9p-flga2104-2-i 
ERROR: [HLS 200-1023] Part 'xcvu9p-flga2104-2-i' is not installed.
command 'create_platform' returned error code
    while executing
"source /home/joe/Desktop/Uni/Year_4/Dissertation/Program-Synthesis-for-Efficient-ML/results/HLS/vitis.tcl"
    ("uplevel" body line 1)
    invoked from within
"uplevel \#0 [list source $tclfile] "

INFO: [HLS 200-112] Total CPU user time: 1.15 seconds. Total CPU system time: 0.23 seconds. Total elapsed time: 1.24 seconds; peak allocated memory: 216.945 MB.
INFO: [vitis-run 60-1662] Stopping dispatch session having empty uuid.
