

================================================================
== Synthesis Summary Report of 'select_exponent'
================================================================
+ General Information: 
    * Date:           Wed Oct 22 01:40:32 2025
    * Version:        2025.1 (Build 6135595 on May 21 2025)
    * Project:        solution_addition_alignment_component
    * Solution:       hls (Vivado IP Flow Target)
    * Product family: zynq
    * Target device:  xc7z020-clg400-1
    

+ Performance & Resource Estimates: 
    
    PS: '+' for module; 'o' for loop; '*' for dataflow
    +-------------------+------+------+---------+-------+----------+---------+------+----------+------+----+---+----------+-----+
    |      Modules      | Issue|      |     Latency     | Iteration|         | Trip |          |      |    |   |          |     |
    |      & Loops      | Type | Slack| (cycles)|  (ns) |  Latency | Interval| Count| Pipelined| BRAM | DSP| FF|    LUT   | URAM|
    +-------------------+------+------+---------+-------+----------+---------+------+----------+------+----+---+----------+-----+
    |+ select_exponent  |     -|  0.16|        0|  0.000|         -|        1|     -|        no|     -|   -|  -|  19 (~0%)|    -|
    +-------------------+------+------+---------+-------+----------+---------+------+----------+------+----+---+----------+-----+


================================================================
== HW Interfaces
================================================================
* Other Ports
+-----------+---------+-----------+----------+
| Port      | Mode    | Direction | Bitwidth |
+-----------+---------+-----------+----------+
| ap_return |         | out       | 4        |
| e1        | ap_none | in        | 4        |
| e2        | ap_none | in        | 4        |
+-----------+---------+-----------+----------+

* TOP LEVEL CONTROL
+-----------+------------+-----------------------------------+
| Interface | Type       | Ports                             |
+-----------+------------+-----------------------------------+
| ap_rst    | reset      | ap_rst                            |
| ap_ctrl   | ap_ctrl_hs | ap_done ap_idle ap_ready ap_start |
+-----------+------------+-----------------------------------+


================================================================
== SW I/O Information
================================================================
* Top Function Arguments
+----------+-----------+------------+
| Argument | Direction | Datatype   |
+----------+-----------+------------+
| e1       | in        | ap_uint<4> |
| e2       | in        | ap_uint<4> |
| return   | out       | ap_uint<4> |
+----------+-----------+------------+

* SW-to-HW Mapping
+----------+--------------+---------+
| Argument | HW Interface | HW Type |
+----------+--------------+---------+
| e1       | e1           | port    |
| e2       | e2           | port    |
| return   | ap_return    | port    |
+----------+--------------+---------+


================================================================
== Bind Op Report
================================================================
+---------------------+-----+--------+------------+--------+----------+---------+
| Name                | DSP | Pragma | Variable   | Op     | Impl     | Latency |
+---------------------+-----+--------+------------+--------+----------+---------+
| + select_exponent   | 0   |        |            |        |          |         |
|   icmp_ln4_fu_38_p2 |     |        | icmp_ln4   | setlt  | auto     | 0       |
|   xor_ln4_fu_44_p2  |     |        | xor_ln4    | xor    | auto     | 0       |
|   ap_return         |     |        | select_ln4 | select | auto_sel | 0       |
+---------------------+-----+--------+------------+--------+----------+---------+


================================================================
== Storage Report
================================================================
  No bind storage info in design

================================================================
== Pragma Report
================================================================
  No pragmas found

